0 info it worked if it ends with ok
1 verbose cli [ 'C:\\Program Files\\nodejs\\node.exe',
1 verbose cli   'C:\\Program Files\\nodejs\\node_modules\\npm\\bin\\npm-cli.js',
1 verbose cli   'run',
1 verbose cli   'dev' ]
2 info using npm@3.10.10
3 info using node@v6.10.0
4 verbose run-script [ 'predev', 'dev', 'postdev' ]
5 info lifecycle project@1.0.0~predev: project@1.0.0
6 silly lifecycle project@1.0.0~predev: no script for predev, continuing
7 info lifecycle project@1.0.0~dev: project@1.0.0
8 verbose lifecycle project@1.0.0~dev: unsafe-perm in lifecycle true
9 verbose lifecycle project@1.0.0~dev: PATH: C:\Program Files\nodejs\node_modules\npm\bin\node-gyp-bin;D:\SahirWebsite\node_modules\.bin;C:\ProgramData\Oracle\Java\javapath;C:\WINDOWS\system32;C:\WINDOWS;C:\WINDOWS\System32\Wbem;C:\WINDOWS\System32\WindowsPowerShell\v1.0\;C:\Strawberry\c\bin;C:\Strawberry\perl\site\bin;C:\Strawberry\perl\bin;C:\xampp\php;C:\ProgramData\ComposerSetup\bin;C:\Program Files (x86)\Firefox\firefox.exe;C:\Program Files (x86)\Firefox;C:\Program Files\Git\cmd;C:\Program Files\nodejs\;C:\ProgramData\Anaconda2;C:\ProgramData\Anaconda2\Scripts;C:\ProgramData\Anaconda2\Library\bin;C:\Users\Raj\AppData\Local\Microsoft\WindowsApps;C:\Users\Raj\AppData\Roaming\Composer\vendor\bin;E:\Downloads\apache-maven-3.3.9-bin\apache-maven-3.3.9\bin;E:\Program Files\jdk1.8.0_73\bin;C:\Program Files (x86)\Firefox;C:\Program Files (x86)\Firefox\firefox.exe;C:\Program Files\Heroku\bin;C:\Program Files\Sublime Text 3;C:\Users\Raj\AppData\Roaming\npm;C:\Python27;C:\Python27\Scripts
10 verbose lifecycle project@1.0.0~dev: CWD: D:\SahirWebsite
11 silly lifecycle project@1.0.0~dev: Args: [ '/d /s /c', 'nodemon index.js' ]
12 silly lifecycle project@1.0.0~dev: Returned: code: 3221225786  signal: null
13 info lifecycle project@1.0.0~dev: Failed to exec dev script
14 verbose stack Error: project@1.0.0 dev: `nodemon index.js`
14 verbose stack Exit status 3221225786
14 verbose stack     at EventEmitter.<anonymous> (C:\Program Files\nodejs\node_modules\npm\lib\utils\lifecycle.js:255:16)
14 verbose stack     at emitTwo (events.js:106:13)
14 verbose stack     at EventEmitter.emit (events.js:191:7)
14 verbose stack     at ChildProcess.<anonymous> (C:\Program Files\nodejs\node_modules\npm\lib\utils\spawn.js:40:14)
14 verbose stack     at emitTwo (events.js:106:13)
14 verbose stack     at ChildProcess.emit (events.js:191:7)
14 verbose stack     at maybeClose (internal/child_process.js:877:16)
14 verbose stack     at Process.ChildProcess._handle.onexit (internal/child_process.js:226:5)
15 verbose pkgid project@1.0.0
16 verbose cwd D:\SahirWebsite
17 error Windows_NT 10.0.14393
18 error argv "C:\\Program Files\\nodejs\\node.exe" "C:\\Program Files\\nodejs\\node_modules\\npm\\bin\\npm-cli.js" "run" "dev"
19 error node v6.10.0
20 error npm  v3.10.10
21 error code ELIFECYCLE
22 error project@1.0.0 dev: `nodemon index.js`
22 error Exit status 3221225786
23 error Failed at the project@1.0.0 dev script 'nodemon index.js'.
23 error Make sure you have the latest version of node.js and npm installed.
23 error If you do, this is most likely a problem with the project package,
23 error not with npm itself.
23 error Tell the author that this fails on your system:
23 error     nodemon index.js
23 error You can get information on how to open an issue for this project with:
23 error     npm bugs project
23 error Or if that isn't available, you can get their info via:
23 error     npm owner ls project
23 error There is likely additional logging output above.
24 verbose exit [ 1, true ]
